<type 'exceptions.IOError'>
<traceback object at 0x0000000004788AC8>
downloading
<type 'exceptions.IOError'>
<traceback object at 0x0000000004297E08>
downloading
<type 'exceptions.IOError'>
<traceback object at 0x0000000004788AC8>
downloading
<type 'exceptions.IOError'>
<traceback object at 0x0000000004297E08>
downloading
<type 'exceptions.IOError'>
<traceback object at 0x0000000003B31C48>
<class 'requests.exceptions.ConnectionError'>
<traceback object at 0x0000000004698C48>
<type 'exceptions.TypeError'>
<traceback object at 0x0000000004698F48>
downloading
<class 'zipfile.BadZipfile'>
<traceback object at 0x00000000042B1788>
<type 'exceptions.KeyboardInterrupt'>
<traceback object at 0x00000000042B1848>
downloading
<class 'zipfile.BadZipfile'>
<traceback object at 0x0000000004169888>
downloading
<class 'zipfile.BadZipfile'>
<traceback object at 0x0000000004172F08>
downloading
<class 'zipfile.BadZipfile'>
<traceback object at 0x00000000048318C8>
downloading
<type 'exceptions.KeyboardInterrupt'>
<traceback object at 0x00000000047242C8>
downloading
<type 'exceptions.KeyboardInterrupt'>
<traceback object at 0x0000000004128308>
downloading
<type 'exceptions.KeyboardInterrupt'>
<traceback object at 0x0000000004158308>
downloading
<type 'exceptions.KeyboardInterrupt'>
<traceback object at 0x0000000003EA8308>
downloading
<type 'exceptions.KeyboardInterrupt'>
<traceback object at 0x0000000003E26308>
downloading
<type 'exceptions.KeyboardInterrupt'>
<traceback object at 0x0000000004616308>
downloading
<type 'exceptions.KeyboardInterrupt'>
<traceback object at 0x0000000004956308>
downloading
<type 'exceptions.KeyboardInterrupt'>
<traceback object at 0x0000000003E2DF48>
downloading
downloading
<type 'exceptions.TypeError'>
<traceback object at 0x000000000459AA88>
downloading
downloading
<type 'exceptions.KeyboardInterrupt'>
<traceback object at 0x0000000004597B08>
